/*C22*/SET SCHEMA PUBLIC
DISCONNECT
/*C23*/SET SCHEMA INVOICING
INSERT INTO CUSTOMER VALUES(77,'JUNIT Customer','The JUNIT city','The JUNIT state','JUNIT Street',77555)
COMMIT
DELETE FROM CUSTOMER WHERE NUMBER=77
INSERT INTO CUSTOMER VALUES(77,'JUNIT Customer MODIFIED','The JUNIT city','The JUNIT state','JUNIT Street',77555)
COMMIT
DELETE FROM CUSTOMER WHERE NUMBER=77
COMMIT
/*C24*/SET SCHEMA INVOICING
INSERT INTO AUTHOR VALUES('4028808b790a8b0f01790a8b6bc70000','JUNIT Author')
INSERT INTO CATEGORY VALUES('4028808b790a8b0f01790a8b6bd70001','JUNIT Category')
INSERT INTO PRODUCT VALUES(900000001,'JUNIT Product 1','4028808b790a8b0f01790a8b6bd70001',NULL,10.00,NULL,'4028808b790a8b0f01790a8b6bc70000')
INSERT INTO PRODUCT VALUES(900000002,'JUNIT Product 2','4028808b790a8b0f01790a8b6bd70001',NULL,20.00,NULL,'4028808b790a8b0f01790a8b6bc70000')
COMMIT
/*C23*/DELETE FROM PRODUCT WHERE NUMBER=900000002
COMMIT
/*C24*/INSERT INTO PRODUCT VALUES(900000002,'JUNIT Product 2','4028808b790a8b0f01790a8b6bd70001',NULL,20.00,NULL,'4028808b790a8b0f01790a8b6bc70000')
DELETE FROM PRODUCT WHERE NUMBER=900000001
DELETE FROM PRODUCT WHERE NUMBER=900000002
DELETE FROM AUTHOR WHERE OID='4028808b790a8b0f01790a8b6bc70000'
DELETE FROM CATEGORY WHERE OID='4028808b790a8b0f01790a8b6bd70001'
COMMIT
INSERT INTO AUTHOR VALUES('4028808b790a8b0f01790a8b7f3f0002','JUNIT Author')
INSERT INTO CATEGORY VALUES('4028808b790a8b0f01790a8b7f400003','JUNIT Category')
INSERT INTO PRODUCT VALUES(900000001,'JUNIT Product 1','4028808b790a8b0f01790a8b7f400003',NULL,10.00,NULL,'4028808b790a8b0f01790a8b7f3f0002')
INSERT INTO PRODUCT VALUES(900000002,'JUNIT Product 2','4028808b790a8b0f01790a8b7f400003',NULL,20.00,NULL,'4028808b790a8b0f01790a8b7f3f0002')
COMMIT
/*C23*/DELETE FROM PRODUCT WHERE NUMBER=900000001
INSERT INTO PRODUCT VALUES(900000001,'JUNIT Product 1','4028808b790a8b0f01790a8b7f400003','0A8B8A1CC0A8000B00000000157BA351',10.00,NULL,'4028808b790a8b0f01790a8b7f3f0002')
COMMIT
/*C25*/SET SCHEMA INVOICING
INSERT INTO IMAGES VALUES('4028808b790a8b2501790a8b8d360000','0A8B8A1CC0A8000B00000000157BA351','4749463839610e000e00a10300b0b0b0e9e9e9000000ffffff21f90401000003002c000000000e000e000002189c8fa99be27c9c804632891fcab871ad58940891d489a205003b')
COMMIT
INSERT INTO IMAGES VALUES('4028808b790a8b2501790a8b8d750001','0A8B8A1CC0A8000B00000000157BA351','47494638396110001000f500004343434444444545454646464747474848485858585b5b5b5c5c5c6060606161616666666c6c6c7171717272727474747676767878787a7a7a7c7c7c7e7e7e7f7f7f8080808181818282828484848585858686868787878888888b8b8b8d8d8d8f8f8f9191919494949595959696969898989999999b9b9b9c9c9cb8b8b8bbbbbbbebebebfbfbfc1c1c1c4c4c4c7c7c7cacacacdcdcdcececed0d0d0d1d1d1d3d3d3d4d4d4d5d5d5d8d8d8dbdbdbdededee0e0e0e2e2e200000000000000000021f9040100003d002c000000001000100000067bc09e704814a15026a25288daed78bcce7268da75381d9b0d3335e538428a8906568a72a222d98c5b208ab10931642bc060dc5e0846218268042f14143406207c7e31042d7d2031098c441d30130972938b7243182b9a3d1c2f009d4a1c2a0f42a000a64b182a29181c2d0e07a7530e2bb80e534a0e0e0cbbc0c141003b')
COMMIT
DELETE FROM IMAGES WHERE ID='4028808b790a8b2501790a8b8d750001'
COMMIT
DELETE FROM IMAGES WHERE ID='4028808b790a8b2501790a8b8d360000'
COMMIT
/*C24*/DELETE FROM PRODUCT WHERE NUMBER=900000001
DELETE FROM PRODUCT WHERE NUMBER=900000002
DELETE FROM AUTHOR WHERE OID='4028808b790a8b0f01790a8b7f3f0002'
DELETE FROM CATEGORY WHERE OID='4028808b790a8b0f01790a8b7f400003'
COMMIT
/*C25*/DELETE FROM COMMERCIALDOCUMENT WHERE OID='4028b88176e389120176e389c8cf0000'
INSERT INTO COMMERCIALDOCUMENT VALUES('Order','4028b88176e389120176e389c8cf0000','2020-06-07',1,'',2021,1,NULL,89.54,15.54,21,2)
DELETE FROM COMMERCIALDOCUMENT_DETAILS WHERE COMMERCIALDOCUMENT_OID='4028b88176e389120176e389c8cf0000' AND PRODUCT_NUMBER=1 AND QUANTITY=2 AND PRICEPERUNIT=37.00
INSERT INTO COMMERCIALDOCUMENT_DETAILS VALUES('4028b88176e389120176e389c8cf0000',1,2,37.00)
COMMIT
DELETE FROM COMMERCIALDOCUMENT WHERE OID='4028b88176e389120176e389c8cf0000'
INSERT INTO COMMERCIALDOCUMENT VALUES('Order','4028b88176e389120176e389c8cf0000','2020-01-13',1,'',2021,1,NULL,89.54,15.54,21,7)
DELETE FROM COMMERCIALDOCUMENT_DETAILS WHERE COMMERCIALDOCUMENT_OID='4028b88176e389120176e389c8cf0000' AND PRODUCT_NUMBER=1 AND QUANTITY=2 AND PRICEPERUNIT=37.00
INSERT INTO COMMERCIALDOCUMENT_DETAILS VALUES('4028b88176e389120176e389c8cf0000',1,2,37.00)
COMMIT
INSERT INTO COMMERCIALDOCUMENT VALUES('Order','4028808b790a8b2501790a8be5c30002','2021-04-25',5,'This is a JUNIT test',2021,1,NULL,58.08,10.08,21,2)
INSERT INTO COMMERCIALDOCUMENT_DETAILS VALUES('4028808b790a8b2501790a8be5c30002',1,2,19.00)
INSERT INTO COMMERCIALDOCUMENT_DETAILS VALUES('4028808b790a8b2501790a8be5c30002',2,1,10.00)
COMMIT
DELETE FROM COMMERCIALDOCUMENT_DETAILS WHERE COMMERCIALDOCUMENT_OID='4028808b790a8b2501790a8be5c30002' AND PRODUCT_NUMBER=1 AND QUANTITY=2 AND PRICEPERUNIT=19.00
DELETE FROM COMMERCIALDOCUMENT_DETAILS WHERE COMMERCIALDOCUMENT_OID='4028808b790a8b2501790a8be5c30002' AND PRODUCT_NUMBER=2 AND QUANTITY=1 AND PRICEPERUNIT=10.00
DELETE FROM COMMERCIALDOCUMENT WHERE OID='4028808b790a8b2501790a8be5c30002'
COMMIT
DELETE FROM COMMERCIALDOCUMENT WHERE OID='4028b88176e389120176e389c8cf0000'
INSERT INTO COMMERCIALDOCUMENT VALUES('Order','4028b88176e389120176e389c8cf0000','2020-01-13',1,'',2021,1,'4028b88176e39ec70176e39fadfb0000',89.54,15.54,21,7)
COMMIT
DELETE FROM COMMERCIALDOCUMENT WHERE OID='4028b88176e389120176e389c8cf0000'
INSERT INTO COMMERCIALDOCUMENT VALUES('Order','4028b88176e389120176e389c8cf0000','2020-01-13',1,'',2021,1,NULL,89.54,15.54,21,7)
COMMIT
INSERT INTO COMMERCIALDOCUMENT VALUES('Invoice','4028808b790a8b2501790a8c14e00003','2021-04-25',4,'This is a JUNIT test',2021,1,NULL,58.08,10.08,21,1)
INSERT INTO COMMERCIALDOCUMENT_DETAILS VALUES('4028808b790a8b2501790a8c14e00003',1,2,19.00)
INSERT INTO COMMERCIALDOCUMENT_DETAILS VALUES('4028808b790a8b2501790a8c14e00003',2,1,10.00)
COMMIT
DELETE FROM COMMERCIALDOCUMENT_DETAILS WHERE COMMERCIALDOCUMENT_OID='4028808b790a8b2501790a8c14e00003' AND PRODUCT_NUMBER=1 AND QUANTITY=2 AND PRICEPERUNIT=19.00
DELETE FROM COMMERCIALDOCUMENT_DETAILS WHERE COMMERCIALDOCUMENT_OID='4028808b790a8b2501790a8c14e00003' AND PRODUCT_NUMBER=2 AND QUANTITY=1 AND PRICEPERUNIT=10.00
DELETE FROM COMMERCIALDOCUMENT WHERE OID='4028808b790a8b2501790a8c14e00003'
COMMIT
/*C21*/SET SCHEMA PUBLIC
DISCONNECT
/*C24*/SET SCHEMA PUBLIC
DISCONNECT
/*C25*/INSERT INTO CUSTOMER VALUES(77,'JUNIT Customer','The JUNIT city','The JUNIT state','JUNIT Street',77555)
COMMIT
DELETE FROM CUSTOMER WHERE NUMBER=77
INSERT INTO CUSTOMER VALUES(77,'JUNIT Customer MODIFIED','The JUNIT city','The JUNIT state','JUNIT Street',77555)
COMMIT
DELETE FROM CUSTOMER WHERE NUMBER=77
COMMIT
/*C27*/SET SCHEMA INVOICING
INSERT INTO AUTHOR VALUES('4028808b790a937601790a93b5770000','JUNIT Author')
INSERT INTO CATEGORY VALUES('4028808b790a937601790a93b5820001','JUNIT Category')
INSERT INTO PRODUCT VALUES(900000001,'JUNIT Product 1','4028808b790a937601790a93b5820001',NULL,10.00,NULL,'4028808b790a937601790a93b5770000')
INSERT INTO PRODUCT VALUES(900000002,'JUNIT Product 2','4028808b790a937601790a93b5820001',NULL,20.00,NULL,'4028808b790a937601790a93b5770000')
COMMIT
/*C25*/DELETE FROM PRODUCT WHERE NUMBER=900000002
COMMIT
/*C27*/INSERT INTO PRODUCT VALUES(900000002,'JUNIT Product 2','4028808b790a937601790a93b5820001',NULL,20.00,NULL,'4028808b790a937601790a93b5770000')
DELETE FROM PRODUCT WHERE NUMBER=900000001
DELETE FROM PRODUCT WHERE NUMBER=900000002
DELETE FROM AUTHOR WHERE OID='4028808b790a937601790a93b5770000'
DELETE FROM CATEGORY WHERE OID='4028808b790a937601790a93b5820001'
COMMIT
INSERT INTO AUTHOR VALUES('4028808b790a937601790a93c0090002','JUNIT Author')
INSERT INTO CATEGORY VALUES('4028808b790a937601790a93c0090003','JUNIT Category')
INSERT INTO PRODUCT VALUES(900000001,'JUNIT Product 1','4028808b790a937601790a93c0090003',NULL,10.00,NULL,'4028808b790a937601790a93c0090002')
INSERT INTO PRODUCT VALUES(900000002,'JUNIT Product 2','4028808b790a937601790a93c0090003',NULL,20.00,NULL,'4028808b790a937601790a93c0090002')
COMMIT
/*C25*/DELETE FROM PRODUCT WHERE NUMBER=900000001
INSERT INTO PRODUCT VALUES(900000001,'JUNIT Product 1','4028808b790a937601790a93c0090003','0A93C571C0A8000B00000000D1D90003',10.00,NULL,'4028808b790a937601790a93c0090002')
COMMIT
/*C23*/INSERT INTO IMAGES VALUES('4028808b790a8b2501790a93c5760004','0A93C571C0A8000B00000000D1D90003','4749463839610e000e00a10300b0b0b0e9e9e9000000ffffff21f90401000003002c000000000e000e000002189c8fa99be27c9c804632891fcab871ad58940891d489a205003b')
COMMIT
INSERT INTO IMAGES VALUES('4028808b790a8b2501790a93c58b0005','0A93C571C0A8000B00000000D1D90003','47494638396110001000f500004343434444444545454646464747474848485858585b5b5b5c5c5c6060606161616666666c6c6c7171717272727474747676767878787a7a7a7c7c7c7e7e7e7f7f7f8080808181818282828484848585858686868787878888888b8b8b8d8d8d8f8f8f9191919494949595959696969898989999999b9b9b9c9c9cb8b8b8bbbbbbbebebebfbfbfc1c1c1c4c4c4c7c7c7cacacacdcdcdcececed0d0d0d1d1d1d3d3d3d4d4d4d5d5d5d8d8d8dbdbdbdededee0e0e0e2e2e200000000000000000021f9040100003d002c000000001000100000067bc09e704814a15026a25288daed78bcce7268da75381d9b0d3335e538428a8906568a72a222d98c5b208ab10931642bc060dc5e0846218268042f14143406207c7e31042d7d2031098c441d30130972938b7243182b9a3d1c2f009d4a1c2a0f42a000a64b182a29181c2d0e07a7530e2bb80e534a0e0e0cbbc0c141003b')
COMMIT
DELETE FROM IMAGES WHERE ID='4028808b790a8b2501790a93c58b0005'
COMMIT
DELETE FROM IMAGES WHERE ID='4028808b790a8b2501790a93c5760004'
COMMIT
/*C27*/DELETE FROM PRODUCT WHERE NUMBER=900000001
DELETE FROM PRODUCT WHERE NUMBER=900000002
DELETE FROM AUTHOR WHERE OID='4028808b790a937601790a93c0090002'
DELETE FROM CATEGORY WHERE OID='4028808b790a937601790a93c0090003'
COMMIT
/*C23*/DELETE FROM COMMERCIALDOCUMENT WHERE OID='4028b88176e389120176e389c8cf0000'
INSERT INTO COMMERCIALDOCUMENT VALUES('Order','4028b88176e389120176e389c8cf0000','2020-06-07',1,'',2021,1,NULL,89.54,15.54,21,2)
DELETE FROM COMMERCIALDOCUMENT_DETAILS WHERE COMMERCIALDOCUMENT_OID='4028b88176e389120176e389c8cf0000' AND PRODUCT_NUMBER=1 AND QUANTITY=2 AND PRICEPERUNIT=37.00
INSERT INTO COMMERCIALDOCUMENT_DETAILS VALUES('4028b88176e389120176e389c8cf0000',1,2,37.00)
COMMIT
DELETE FROM COMMERCIALDOCUMENT WHERE OID='4028b88176e389120176e389c8cf0000'
INSERT INTO COMMERCIALDOCUMENT VALUES('Order','4028b88176e389120176e389c8cf0000','2020-01-13',1,'',2021,1,NULL,89.54,15.54,21,7)
DELETE FROM COMMERCIALDOCUMENT_DETAILS WHERE COMMERCIALDOCUMENT_OID='4028b88176e389120176e389c8cf0000' AND PRODUCT_NUMBER=1 AND QUANTITY=2 AND PRICEPERUNIT=37.00
INSERT INTO COMMERCIALDOCUMENT_DETAILS VALUES('4028b88176e389120176e389c8cf0000',1,2,37.00)
COMMIT
INSERT INTO COMMERCIALDOCUMENT VALUES('Order','4028808b790a8b2501790a940c460006','2021-04-25',5,'This is a JUNIT test',2021,1,NULL,58.08,10.08,21,2)
INSERT INTO COMMERCIALDOCUMENT_DETAILS VALUES('4028808b790a8b2501790a940c460006',1,2,19.00)
INSERT INTO COMMERCIALDOCUMENT_DETAILS VALUES('4028808b790a8b2501790a940c460006',2,1,10.00)
COMMIT
DELETE FROM COMMERCIALDOCUMENT_DETAILS WHERE COMMERCIALDOCUMENT_OID='4028808b790a8b2501790a940c460006' AND PRODUCT_NUMBER=1 AND QUANTITY=2 AND PRICEPERUNIT=19.00
DELETE FROM COMMERCIALDOCUMENT_DETAILS WHERE COMMERCIALDOCUMENT_OID='4028808b790a8b2501790a940c460006' AND PRODUCT_NUMBER=2 AND QUANTITY=1 AND PRICEPERUNIT=10.00
DELETE FROM COMMERCIALDOCUMENT WHERE OID='4028808b790a8b2501790a940c460006'
COMMIT
DELETE FROM COMMERCIALDOCUMENT WHERE OID='4028b88176e389120176e389c8cf0000'
INSERT INTO COMMERCIALDOCUMENT VALUES('Order','4028b88176e389120176e389c8cf0000','2020-01-13',1,'',2021,1,'4028b88176e39ec70176e39fadfb0000',89.54,15.54,21,7)
COMMIT
DELETE FROM COMMERCIALDOCUMENT WHERE OID='4028b88176e389120176e389c8cf0000'
INSERT INTO COMMERCIALDOCUMENT VALUES('Order','4028b88176e389120176e389c8cf0000','2020-01-13',1,'',2021,1,NULL,89.54,15.54,21,7)
COMMIT
INSERT INTO COMMERCIALDOCUMENT VALUES('Invoice','4028808b790a8b2501790a943df50007','2021-04-25',4,'This is a JUNIT test',2021,1,NULL,58.08,10.08,21,1)
INSERT INTO COMMERCIALDOCUMENT_DETAILS VALUES('4028808b790a8b2501790a943df50007',1,2,19.00)
INSERT INTO COMMERCIALDOCUMENT_DETAILS VALUES('4028808b790a8b2501790a943df50007',2,1,10.00)
COMMIT
DELETE FROM COMMERCIALDOCUMENT_DETAILS WHERE COMMERCIALDOCUMENT_OID='4028808b790a8b2501790a943df50007' AND PRODUCT_NUMBER=1 AND QUANTITY=2 AND PRICEPERUNIT=19.00
DELETE FROM COMMERCIALDOCUMENT_DETAILS WHERE COMMERCIALDOCUMENT_OID='4028808b790a8b2501790a943df50007' AND PRODUCT_NUMBER=2 AND QUANTITY=1 AND PRICEPERUNIT=10.00
DELETE FROM COMMERCIALDOCUMENT WHERE OID='4028808b790a8b2501790a943df50007'
COMMIT
/*C26*/SET SCHEMA PUBLIC
DISCONNECT
/*C27*/SET SCHEMA PUBLIC
DISCONNECT
